2023-07-20 23:32:07,678 [main] INFO 11March_Framework - Open Browser
2023-07-20 23:32:07,831 [main] INFO 11March_Framework - Maximize the browser
2023-07-20 23:32:10,901 [main] INFO 11March_Framework - Open application
2023-07-21 13:59:54,415 [main] INFO 11March_Framework - Open Browser
2023-07-21 13:59:54,552 [main] INFO 11March_Framework - Maximize the browser
2023-07-21 13:59:58,840 [main] INFO 11March_Framework - Open application
2023-07-23 18:58:03,340 [main] INFO 11March_Framework - Open Browser
2023-07-23 18:58:03,495 [main] INFO 11March_Framework - Maximize the browser
2023-07-23 18:58:05,589 [main] INFO 11March_Framework - Open application
2023-07-23 18:58:05,758 [main] INFO 11March_Framework - Enter the user email
2023-07-23 18:58:07,871 [main] INFO 11March_Framework - Enter the user Password
2023-07-23 18:58:09,240 [main] INFO 11March_Framework - Click on the login button
2023-07-23 19:01:45,056 [main] INFO 11March_Framework - Open Browser
2023-07-23 19:01:45,219 [main] INFO 11March_Framework - Maximize the browser
2023-07-23 19:01:47,054 [main] INFO 11March_Framework - Open application
2023-07-23 19:01:47,210 [main] INFO 11March_Framework - Enter the user email
2023-07-23 19:01:49,349 [main] INFO 11March_Framework - Enter the user Password
2023-07-23 19:01:51,337 [main] INFO 11March_Framework - Click on the login button
2023-07-23 19:01:51,368 [main] INFO 11March_Framework - Login test case pass
2023-07-25 15:16:23,887 [main] INFO 11March_Framework - Open Browser
2023-07-25 15:16:24,020 [main] INFO 11March_Framework - Maximize the browser
2023-07-25 15:16:26,668 [main] INFO 11March_Framework - Open application
2023-07-25 15:16:26,925 [main] INFO 11March_Framework - Enter the user email
2023-07-25 15:16:29,069 [main] INFO 11March_Framework - Enter the user Password
2023-07-25 15:16:30,532 [main] INFO 11March_Framework - Click on the login button
2023-07-25 15:16:35,252 [main] INFO 11March_Framework - Open Browser
2023-07-25 15:16:35,392 [main] INFO 11March_Framework - Maximize the browser
2023-07-25 15:16:38,801 [main] INFO 11March_Framework - Open application
2023-07-25 15:16:47,511 [main] INFO 11March_Framework - Open Browser
2023-07-25 15:16:47,690 [main] INFO 11March_Framework - Maximize the browser
2023-07-25 15:16:50,665 [main] INFO 11March_Framework - Open application
2023-07-25 15:18:23,511 [main] INFO 11March_Framework - Open Browser
2023-07-25 15:18:23,737 [main] INFO 11March_Framework - Maximize the browser
2023-07-25 15:18:25,467 [main] INFO 11March_Framework - Open application
2023-07-25 15:18:25,474 [main] INFO 11March_Framework - Open URL
2023-07-25 15:18:28,612 [main] INFO 11March_Framework - Enter User mail
2023-07-25 15:18:31,735 [main] INFO 11March_Framework - Enter User password
2023-07-25 15:18:35,397 [main] INFO 11March_Framework - Clicked on login button
2023-07-25 15:18:38,696 [main] INFO 11March_Framework - Mouseover on computer
2023-07-25 16:36:15,694 [main] INFO 11March_Framework - Open Browser
2023-07-25 16:36:15,849 [main] INFO 11March_Framework - Maximize the browser
2023-07-25 16:36:17,897 [main] INFO 11March_Framework - Open application
2023-07-25 16:36:18,070 [main] INFO 11March_Framework - Enter the user email
2023-07-25 16:36:20,190 [main] INFO 11March_Framework - Enter the user Password
2023-07-25 16:36:22,301 [main] INFO 11March_Framework - Click on the login button
2023-07-25 16:36:22,332 [main] INFO 11March_Framework - Login test case pass
2023-07-25 16:36:26,963 [main] INFO 11March_Framework - Open Browser
2023-07-25 16:36:27,114 [main] INFO 11March_Framework - Maximize the browser
2023-07-25 16:36:28,337 [main] INFO 11March_Framework - Open application
2023-07-25 16:36:36,240 [main] INFO 11March_Framework - Open Browser
2023-07-25 16:36:37,904 [main] INFO 11March_Framework - Open Browser
2023-07-25 16:36:38,055 [main] INFO 11March_Framework - Maximize the browser
2023-07-25 16:36:39,250 [main] INFO 11March_Framework - Open application
2023-07-25 16:36:39,254 [main] INFO 11March_Framework - Open URL
2023-07-25 16:36:42,409 [main] INFO 11March_Framework - Enter User mail
2023-07-25 16:36:45,550 [main] INFO 11March_Framework - Enter User password
2023-07-25 16:36:51,471 [main] INFO 11March_Framework - Clicked on login button
2023-07-25 16:36:54,721 [main] INFO 11March_Framework - Mouseover on computer
2023-07-25 16:36:56,690 [main] INFO 11March_Framework - Clicked on NotebookText
2023-07-25 16:37:03,143 [main] INFO 11March_Framework - Product selected
2023-07-25 16:37:03,234 [main] INFO 11March_Framework - Add to cart
2023-07-25 16:37:03,713 [main] INFO 11March_Framework - Verified message
2023-07-25 16:37:03,806 [main] INFO 11March_Framework - Clicked on close Tab
2023-07-25 16:37:04,054 [main] INFO 11March_Framework - add to cart test case failed
2023-07-25 16:41:16,122 [main] INFO 11March_Framework - Open Browser
2023-07-25 16:41:16,253 [main] INFO 11March_Framework - Maximize the browser
2023-07-25 16:41:18,321 [main] INFO 11March_Framework - Open application
2023-07-25 16:41:18,497 [main] INFO 11March_Framework - Enter the user email
2023-07-25 16:41:20,614 [main] INFO 11March_Framework - Enter the user Password
2023-07-25 16:41:22,248 [main] INFO 11March_Framework - Click on the login button
2023-07-25 16:41:22,275 [main] INFO 11March_Framework - Login test case pass
2023-07-25 16:52:29,994 [main] INFO 11March_Framework - Open Browser
2023-07-25 16:52:30,132 [main] INFO 11March_Framework - Maximize the browser
2023-07-25 16:52:33,106 [main] INFO 11March_Framework - Open application
2023-07-25 16:52:33,264 [main] INFO 11March_Framework - Enter the user email
2023-07-25 16:52:35,373 [main] INFO 11March_Framework - Enter the user password
2023-07-25 16:52:38,505 [main] INFO 11March_Framework - Click on the login button
2023-07-25 16:52:39,992 [main] INFO 11March_Framework - Login test case pass
2023-07-25 16:52:44,567 [main] INFO 11March_Framework - Open Browser
2023-07-25 16:52:44,703 [main] INFO 11March_Framework - Maximize the browser
2023-07-25 16:52:49,850 [main] INFO 11March_Framework - Open application
2023-07-25 16:52:49,996 [main] INFO 11March_Framework - Enter the user email
2023-07-25 16:52:52,107 [main] INFO 11March_Framework - Enter the user password
2023-07-25 16:52:55,880 [main] INFO 11March_Framework - Click on the login button
2023-07-25 16:53:00,350 [main] INFO 11March_Framework - Open Browser
2023-07-25 16:53:00,471 [main] INFO 11March_Framework - Maximize the browser
2023-07-25 16:53:03,510 [main] INFO 11March_Framework - Open application
2023-07-25 16:53:03,629 [main] INFO 11March_Framework - Enter the user email
2023-07-25 16:53:05,747 [main] INFO 11March_Framework - Enter the user password
2023-07-25 16:53:07,191 [main] INFO 11March_Framework - Click on the login button
2023-07-25 16:53:11,648 [main] INFO 11March_Framework - Open Browser
2023-07-25 16:53:11,786 [main] INFO 11March_Framework - Maximize the browser
2023-07-25 16:53:15,744 [main] INFO 11March_Framework - Open application
2023-07-25 16:53:15,882 [main] INFO 11March_Framework - Enter the user email
2023-07-25 16:53:18,042 [main] INFO 11March_Framework - Enter the user password
2023-07-25 16:53:18,746 [main] INFO 11March_Framework - Click on the login button
2023-07-25 16:53:23,240 [main] INFO 11March_Framework - Open Browser
2023-07-25 16:53:23,374 [main] INFO 11March_Framework - Maximize the browser
2023-07-25 16:53:25,668 [main] INFO 11March_Framework - Open application
2023-07-25 16:53:25,791 [main] INFO 11March_Framework - Enter the user email
2023-07-25 16:53:27,913 [main] INFO 11March_Framework - Enter the user password
2023-07-25 16:53:28,418 [main] INFO 11March_Framework - Click on the login button
2023-07-25 16:55:42,007 [main] INFO 11March_Framework - Open Browser
2023-07-25 16:55:42,147 [main] INFO 11March_Framework - Maximize the browser
2023-07-25 16:55:44,495 [main] INFO 11March_Framework - Open application
2023-07-25 16:55:44,671 [main] INFO 11March_Framework - Enter the user email
2023-07-25 16:55:46,789 [main] INFO 11March_Framework - Enter the user password
2023-07-25 16:55:49,298 [main] INFO 11March_Framework - Click on the login button
2023-07-25 16:55:50,640 [main] INFO 11March_Framework - Login test case pass
2023-07-25 16:55:55,132 [main] INFO 11March_Framework - Open Browser
2023-07-25 16:55:55,266 [main] INFO 11March_Framework - Maximize the browser
2023-07-25 16:55:56,853 [main] INFO 11March_Framework - Open application
2023-07-25 16:55:56,962 [main] INFO 11March_Framework - Enter the user email
2023-07-25 16:55:59,063 [main] INFO 11March_Framework - Enter the user password
2023-07-25 16:55:59,573 [main] INFO 11March_Framework - Click on the login button
2023-07-25 16:55:59,729 [main] INFO 11March_Framework - Login test case failed
2023-07-25 16:56:04,267 [main] INFO 11March_Framework - Open Browser
2023-07-25 16:56:04,406 [main] INFO 11March_Framework - Maximize the browser
2023-07-25 16:56:05,852 [main] INFO 11March_Framework - Open application
2023-07-25 16:56:05,969 [main] INFO 11March_Framework - Enter the user email
2023-07-25 16:56:08,077 [main] INFO 11March_Framework - Enter the user password
2023-07-25 16:56:08,750 [main] INFO 11March_Framework - Click on the login button
2023-07-25 16:56:08,765 [main] INFO 11March_Framework - Login test case failed
2023-07-25 16:56:13,348 [main] INFO 11March_Framework - Open Browser
2023-07-25 16:56:13,479 [main] INFO 11March_Framework - Maximize the browser
2023-07-25 16:56:14,943 [main] INFO 11March_Framework - Open application
2023-07-25 16:56:15,074 [main] INFO 11March_Framework - Enter the user email
2023-07-25 16:56:17,200 [main] INFO 11March_Framework - Enter the user password
2023-07-25 16:56:18,615 [main] INFO 11March_Framework - Click on the login button
2023-07-25 16:56:18,627 [main] INFO 11March_Framework - Login test case failed
2023-07-25 16:56:23,145 [main] INFO 11March_Framework - Open Browser
2023-07-25 16:56:23,271 [main] INFO 11March_Framework - Maximize the browser
2023-07-25 16:56:25,932 [main] INFO 11March_Framework - Open application
2023-07-25 16:56:26,042 [main] INFO 11March_Framework - Enter the user email
2023-07-25 16:56:28,154 [main] INFO 11March_Framework - Enter the user password
2023-07-25 16:56:29,573 [main] INFO 11March_Framework - Click on the login button
2023-07-25 16:56:29,586 [main] INFO 11March_Framework - Login test case failed
2023-07-25 16:57:32,514 [main] INFO 11March_Framework - Open Browser
2023-07-25 16:57:32,657 [main] INFO 11March_Framework - Maximize the browser
2023-07-25 16:57:34,351 [main] INFO 11March_Framework - Open application
2023-07-25 16:58:36,249 [main] INFO 11March_Framework - Open Browser
2023-07-25 16:58:36,401 [main] INFO 11March_Framework - Maximize the browser
2023-07-25 16:58:38,683 [main] INFO 11March_Framework - Open application
2023-07-25 17:01:33,797 [main] INFO 11March_Framework - Open Browser
2023-07-25 17:01:33,950 [main] INFO 11March_Framework - Maximize the browser
2023-07-25 17:01:37,223 [main] INFO 11March_Framework - Open application
2023-07-25 17:01:37,242 [main] INFO 11March_Framework - Open URL
2023-07-25 17:01:40,408 [main] INFO 11March_Framework - Enter User mail
2023-07-25 17:01:43,519 [main] INFO 11March_Framework - Enter User password
2023-07-25 17:01:53,859 [main] INFO 11March_Framework - Clicked on login button
2023-07-25 17:01:57,099 [main] INFO 11March_Framework - Mouseover on computer
2023-07-25 17:02:03,181 [main] INFO 11March_Framework - Clicked on NotebookText
2023-07-25 17:02:09,370 [main] INFO 11March_Framework - Product selected
2023-07-25 17:02:09,462 [main] INFO 11March_Framework - Add to cart
2023-07-25 17:02:10,039 [main] INFO 11March_Framework - Verified message
2023-07-25 17:02:10,137 [main] INFO 11March_Framework - Clicked on close Tab
2023-07-25 17:02:10,373 [main] INFO 11March_Framework - add to cart test case failed
2023-07-25 17:14:18,955 [main] INFO 11March_Framework - Open Browser
2023-07-25 17:14:19,098 [main] INFO 11March_Framework - Maximize the browser
2023-07-25 17:14:21,199 [main] INFO 11March_Framework - Open application
2023-07-25 17:14:21,212 [main] INFO 11March_Framework - Open URL
2023-07-25 17:14:24,368 [main] INFO 11March_Framework - Enter User mail
2023-07-25 17:14:27,483 [main] INFO 11March_Framework - Enter User password
2023-07-25 17:14:31,959 [main] INFO 11March_Framework - Clicked on login button
2023-07-25 17:14:35,148 [main] INFO 11March_Framework - Mouseover on computer
2023-07-25 17:14:36,907 [main] INFO 11March_Framework - Clicked on NotebookText
2023-07-25 17:14:43,093 [main] INFO 11March_Framework - Product selected
2023-07-25 17:14:43,199 [main] INFO 11March_Framework - Add to cart
2023-07-25 17:14:43,628 [main] INFO 11March_Framework - Verified message
2023-07-25 17:14:43,714 [main] INFO 11March_Framework - Clicked on close Tab
2023-07-25 17:14:44,191 [main] INFO 11March_Framework - add to cart test case failed
2023-07-25 17:17:30,882 [main] INFO 11March_Framework - Open Browser
2023-07-25 17:17:31,011 [main] INFO 11March_Framework - Maximize the browser
2023-07-25 17:18:42,668 [main] INFO 11March_Framework - Open Browser
2023-07-25 17:18:42,811 [main] INFO 11March_Framework - Maximize the browser
2023-07-25 17:19:12,285 [main] INFO 11March_Framework - Open Browser
2023-07-25 17:19:12,422 [main] INFO 11March_Framework - Maximize the browser
2023-07-25 17:19:15,551 [main] INFO 11March_Framework - Open application
2023-07-25 17:19:15,565 [main] INFO 11March_Framework - Open URL
2023-07-25 17:19:18,706 [main] INFO 11March_Framework - Enter User mail
2023-07-25 17:19:21,808 [main] INFO 11March_Framework - Enter User password
2023-07-25 17:19:26,218 [main] INFO 11March_Framework - Clicked on login button
2023-07-25 17:19:29,391 [main] INFO 11March_Framework - Mouseover on computer
2023-07-25 17:19:31,459 [main] INFO 11March_Framework - Clicked on NotebookText
2023-07-25 17:19:37,560 [main] INFO 11March_Framework - Product selected
2023-07-25 17:19:37,660 [main] INFO 11March_Framework - Add to cart
2023-07-25 17:19:38,233 [main] INFO 11March_Framework - Verified message
2023-07-25 17:19:38,423 [main] INFO 11March_Framework - Clicked on close Tab
2023-07-25 17:19:39,054 [main] INFO 11March_Framework - add to cart test case failed
2023-07-25 18:08:41,649 [main] INFO 11March_Framework - Open Browser
2023-07-25 18:08:41,789 [main] INFO 11March_Framework - Maximize the browser
2023-07-25 18:08:44,149 [main] INFO 11March_Framework - Open application
2023-07-25 18:08:44,162 [main] INFO 11March_Framework - Open URL
2023-07-25 18:08:47,346 [main] INFO 11March_Framework - Enter User mail
2023-07-25 18:08:50,444 [main] INFO 11March_Framework - Enter User password
2023-07-25 18:08:55,227 [main] INFO 11March_Framework - Clicked on login button
2023-07-25 18:08:58,441 [main] INFO 11March_Framework - Mouseover on computer
2023-07-25 18:08:59,712 [main] INFO 11March_Framework - Clicked on NotebookText
2023-07-25 18:09:06,238 [main] INFO 11March_Framework - Product selected
2023-07-25 18:09:06,364 [main] INFO 11March_Framework - Add to cart
2023-07-25 18:09:06,983 [main] INFO 11March_Framework - Verified message
2023-07-25 18:09:07,058 [main] INFO 11March_Framework - Clicked on close Tab
2023-07-25 18:09:07,757 [main] INFO 11March_Framework - add to cart test case failed
2023-07-25 18:17:46,014 [main] INFO 11March_Framework - Open Browser
2023-07-25 18:17:46,159 [main] INFO 11March_Framework - Maximize the browser
2023-07-25 18:17:48,610 [main] INFO 11March_Framework - Open application
2023-07-25 18:17:48,640 [main] INFO 11March_Framework - Open URL
2023-07-25 18:17:51,853 [main] INFO 11March_Framework - Enter User mail
2023-07-25 18:17:54,969 [main] INFO 11March_Framework - Enter User password
2023-07-25 18:17:58,681 [main] INFO 11March_Framework - Clicked on login button
2023-07-25 18:18:01,999 [main] INFO 11March_Framework - Mouseover on computer
2023-07-25 18:18:03,371 [main] INFO 11March_Framework - Clicked on NotebookText
2023-07-25 18:18:09,470 [main] INFO 11March_Framework - Product selected
2023-07-25 18:18:09,590 [main] INFO 11March_Framework - Add to cart
2023-07-25 18:18:10,202 [main] INFO 11March_Framework - Verified message
2023-07-25 18:18:10,447 [main] INFO 11March_Framework - Clicked on close Tab
2023-07-25 18:18:10,965 [main] INFO 11March_Framework - add to cart test case failed
2023-07-25 18:24:14,636 [main] INFO 11March_Framework - Open Browser
2023-07-25 18:24:14,766 [main] INFO 11March_Framework - Maximize the browser
2023-07-25 18:24:23,569 [main] INFO 11March_Framework - Open application
2023-07-25 18:24:23,589 [main] INFO 11March_Framework - Open URL
2023-07-25 18:24:26,760 [main] INFO 11March_Framework - Enter User mail
2023-07-25 18:24:29,866 [main] INFO 11March_Framework - Enter User password
2023-07-25 18:24:35,157 [main] INFO 11March_Framework - Clicked on login button
2023-07-25 18:24:38,315 [main] INFO 11March_Framework - Mouseover on computer
2023-07-25 18:24:42,408 [main] INFO 11March_Framework - Clicked on NotebookText
2023-07-25 18:24:50,008 [main] INFO 11March_Framework - Product selected
2023-07-25 18:24:50,096 [main] INFO 11March_Framework - Add to cart
2023-07-25 18:24:51,275 [main] INFO 11March_Framework - Verified message
2023-07-25 18:24:51,354 [main] INFO 11March_Framework - Clicked on close Tab
2023-07-25 18:24:51,784 [main] INFO 11March_Framework - add to cart test case failed
2023-07-25 18:28:05,066 [main] INFO 11March_Framework - Open Browser
2023-07-25 18:28:05,192 [main] INFO 11March_Framework - Maximize the browser
2023-07-25 18:28:08,886 [main] INFO 11March_Framework - Open application
2023-07-25 18:28:08,907 [main] INFO 11March_Framework - Open URL
2023-07-25 18:28:12,094 [main] INFO 11March_Framework - Enter User mail
2023-07-25 18:28:15,207 [main] INFO 11March_Framework - Enter User password
2023-07-25 18:28:19,506 [main] INFO 11March_Framework - Clicked on login button
2023-07-25 18:28:22,712 [main] INFO 11March_Framework - Mouseover on computer
2023-07-25 18:28:23,536 [main] INFO 11March_Framework - Clicked on NotebookText
2023-07-25 18:28:30,205 [main] INFO 11March_Framework - Product selected
2023-07-25 18:28:30,315 [main] INFO 11March_Framework - Add to cart
2023-07-25 18:28:31,667 [main] INFO 11March_Framework - Verified message
2023-07-25 18:28:32,085 [main] INFO 11March_Framework - Clicked on close Tab
2023-07-25 18:28:32,734 [main] INFO 11March_Framework - add to cart test case failed
2023-07-25 18:32:10,079 [main] INFO 11March_Framework - Open Browser
2023-07-25 18:32:10,214 [main] INFO 11March_Framework - Maximize the browser
2023-07-25 18:32:13,389 [main] INFO 11March_Framework - Open application
2023-07-25 18:32:13,406 [main] INFO 11March_Framework - Open URL
2023-07-25 18:32:16,576 [main] INFO 11March_Framework - Enter User mail
2023-07-25 18:32:19,712 [main] INFO 11March_Framework - Enter User password
2023-07-25 18:32:25,258 [main] INFO 11March_Framework - Clicked on login button
2023-07-25 18:32:28,430 [main] INFO 11March_Framework - Mouseover on computer
2023-07-25 18:32:29,914 [main] INFO 11March_Framework - Clicked on NotebookText
2023-07-25 18:32:36,388 [main] INFO 11March_Framework - Product selected
2023-07-25 18:32:36,481 [main] INFO 11March_Framework - Add to cart
2023-07-25 18:32:36,965 [main] INFO 11March_Framework - Verified message
2023-07-25 18:32:37,125 [main] INFO 11March_Framework - Clicked on close Tab
2023-07-25 18:32:37,570 [main] INFO 11March_Framework - add to cart test case failed
2023-07-25 18:34:37,126 [main] INFO 11March_Framework - Open Browser
2023-07-25 18:34:37,255 [main] INFO 11March_Framework - Maximize the browser
2023-07-25 18:34:38,320 [main] INFO 11March_Framework - Open application
2023-07-25 18:34:38,344 [main] INFO 11March_Framework - Open URL
2023-07-25 18:34:41,526 [main] INFO 11March_Framework - Enter User mail
2023-07-25 18:34:44,635 [main] INFO 11March_Framework - Enter User password
2023-07-25 18:34:49,705 [main] INFO 11March_Framework - Clicked on login button
2023-07-25 18:34:52,864 [main] INFO 11March_Framework - Mouseover on computer
2023-07-25 18:35:58,614 [main] INFO 11March_Framework - Clicked on NotebookText
2023-07-25 18:36:23,943 [main] INFO 11March_Framework - Open Browser
2023-07-25 18:36:24,072 [main] INFO 11March_Framework - Maximize the browser
2023-07-25 18:36:25,983 [main] INFO 11March_Framework - Open application
2023-07-25 18:36:25,999 [main] INFO 11March_Framework - Open URL
2023-07-25 18:36:29,158 [main] INFO 11March_Framework - Enter User mail
2023-07-25 18:36:32,271 [main] INFO 11March_Framework - Enter User password
2023-07-25 18:36:37,283 [main] INFO 11March_Framework - Clicked on login button
2023-07-25 18:36:40,442 [main] INFO 11March_Framework - Mouseover on computer
2023-07-25 18:36:42,281 [main] INFO 11March_Framework - Clicked on NotebookText
2023-07-25 18:36:48,367 [main] INFO 11March_Framework - Product selected
2023-07-25 18:36:48,465 [main] INFO 11March_Framework - Add to cart
2023-07-25 18:36:49,024 [main] INFO 11March_Framework - Verified message
2023-07-25 18:36:49,116 [main] INFO 11March_Framework - Clicked on close Tab
2023-07-25 18:36:49,356 [main] INFO 11March_Framework - add to cart test case pass
2023-07-25 18:38:07,508 [main] INFO 11March_Framework - Open Browser
2023-07-25 18:38:07,637 [main] INFO 11March_Framework - Maximize the browser
2023-07-25 18:38:09,812 [main] INFO 11March_Framework - Open application
2023-07-25 18:38:09,829 [main] INFO 11March_Framework - Open URL
2023-07-25 18:38:12,996 [main] INFO 11March_Framework - Enter User mail
2023-07-25 18:38:16,106 [main] INFO 11March_Framework - Enter User password
2023-07-25 18:38:23,817 [main] INFO 11March_Framework - Clicked on login button
2023-07-25 18:38:26,974 [main] INFO 11March_Framework - Mouseover on computer
2023-07-25 18:38:28,202 [main] INFO 11March_Framework - Clicked on NotebookText
2023-07-25 18:38:34,217 [main] INFO 11March_Framework - Product selected
2023-07-25 18:38:34,316 [main] INFO 11March_Framework - Add to cart
2023-07-25 18:38:34,884 [main] INFO 11March_Framework - Verified message
2023-07-25 18:38:34,988 [main] INFO 11March_Framework - Clicked on close Tab
2023-07-25 18:38:35,215 [main] INFO 11March_Framework - add to cart test case pass
2023-07-25 18:38:39,761 [main] INFO 11March_Framework - Open Browser
2023-07-25 18:38:39,919 [main] INFO 11March_Framework - Maximize the browser
2023-07-25 18:38:43,461 [main] INFO 11March_Framework - Open application
2023-07-25 18:38:43,588 [main] INFO 11March_Framework - Enter the user email
2023-07-25 18:38:45,696 [main] INFO 11March_Framework - Enter the user Password
2023-07-25 18:38:47,798 [main] INFO 11March_Framework - Click on the login button
2023-07-25 18:38:47,816 [main] INFO 11March_Framework - Login test case pass
2023-07-25 18:38:53,578 [main] INFO 11March_Framework - Open Browser
2023-07-25 18:38:53,730 [main] INFO 11March_Framework - Maximize the browser
2023-07-25 18:38:57,489 [main] INFO 11March_Framework - Open application
2023-07-25 18:38:57,605 [main] INFO 11March_Framework - Enter the user email
2023-07-25 18:38:59,709 [main] INFO 11March_Framework - Enter the user password
2023-07-25 18:39:00,295 [main] INFO 11March_Framework - Click on the login button
2023-07-25 18:39:04,818 [main] INFO 11March_Framework - Open Browser
2023-07-25 18:39:04,936 [main] INFO 11March_Framework - Maximize the browser
2023-07-25 18:39:06,173 [main] INFO 11March_Framework - Open application
2023-07-25 18:39:06,315 [main] INFO 11March_Framework - Enter the user email
2023-07-25 18:39:08,424 [main] INFO 11March_Framework - Enter the user password
2023-07-25 18:39:08,894 [main] INFO 11March_Framework - Click on the login button
2023-07-25 18:39:09,043 [main] INFO 11March_Framework - Login test case failed
2023-07-25 18:39:13,402 [main] INFO 11March_Framework - Open Browser
2023-07-25 18:39:13,564 [main] INFO 11March_Framework - Maximize the browser
2023-07-25 18:39:15,536 [main] INFO 11March_Framework - Open application
2023-07-25 18:39:15,661 [main] INFO 11March_Framework - Enter the user email
2023-07-25 18:39:17,776 [main] INFO 11March_Framework - Enter the user password
2023-07-25 18:39:19,222 [main] INFO 11March_Framework - Click on the login button
2023-07-25 18:39:19,238 [main] INFO 11March_Framework - Login test case failed
2023-07-25 18:39:23,822 [main] INFO 11March_Framework - Open Browser
2023-07-25 18:39:23,964 [main] INFO 11March_Framework - Maximize the browser
2023-07-25 18:39:25,888 [main] INFO 11March_Framework - Open application
2023-07-25 18:39:26,001 [main] INFO 11March_Framework - Enter the user email
2023-07-25 18:39:28,090 [main] INFO 11March_Framework - Enter the user password
2023-07-25 18:39:28,899 [main] INFO 11March_Framework - Click on the login button
2023-07-25 18:39:28,916 [main] INFO 11March_Framework - Login test case failed
2023-07-25 18:39:33,722 [main] INFO 11March_Framework - Open Browser
2023-07-25 18:39:33,906 [main] INFO 11March_Framework - Maximize the browser
2023-07-25 18:39:35,784 [main] INFO 11March_Framework - Open application
2023-07-25 18:39:35,927 [main] INFO 11March_Framework - Enter the user email
2023-07-25 18:39:42,131 [main] INFO 11March_Framework - Open Browser
2023-07-25 18:39:42,261 [main] INFO 11March_Framework - Maximize the browser
2023-07-25 18:39:43,411 [main] INFO 11March_Framework - Open application
2023-07-25 18:39:52,705 [main] INFO 11March_Framework - Open Browser
2023-07-25 18:39:52,842 [main] INFO 11March_Framework - Maximize the browser
2023-07-25 18:39:54,025 [main] INFO 11March_Framework - Open application
2023-07-25 18:40:56,315 [main] INFO 11March_Framework - Open Browser
2023-07-25 18:40:56,457 [main] INFO 11March_Framework - Maximize the browser
2023-07-25 18:40:58,334 [main] INFO 11March_Framework - Open application
2023-07-25 18:40:58,350 [main] INFO 11March_Framework - Open URL
2023-07-25 18:41:01,496 [main] INFO 11March_Framework - Enter User mail
2023-07-25 18:41:04,612 [main] INFO 11March_Framework - Enter User password
2023-07-25 18:41:09,661 [main] INFO 11March_Framework - Clicked on login button
2023-07-25 18:41:12,823 [main] INFO 11March_Framework - Mouseover on computer
2023-07-25 18:41:13,941 [main] INFO 11March_Framework - Clicked on NotebookText
2023-07-25 18:41:22,340 [main] INFO 11March_Framework - Product selected
2023-07-25 18:41:22,428 [main] INFO 11March_Framework - Add to cart
2023-07-25 18:41:23,041 [main] INFO 11March_Framework - Verified message
2023-07-25 18:41:23,131 [main] INFO 11March_Framework - Clicked on close Tab
2023-07-25 18:41:23,462 [main] INFO 11March_Framework - add to cart test case pass
2023-07-25 18:41:28,149 [main] INFO 11March_Framework - Open Browser
2023-07-25 18:41:28,277 [main] INFO 11March_Framework - Maximize the browser
2023-07-25 18:41:31,235 [main] INFO 11March_Framework - Open application
2023-07-25 18:41:31,362 [main] INFO 11March_Framework - Enter the user email
2023-07-25 18:41:33,467 [main] INFO 11March_Framework - Enter the user Password
2023-07-25 18:41:34,679 [main] INFO 11March_Framework - Click on the login button
2023-07-25 18:41:34,699 [main] INFO 11March_Framework - Login test case pass
2023-07-25 18:41:40,701 [main] INFO 11March_Framework - Open Browser
2023-07-25 18:41:40,824 [main] INFO 11March_Framework - Maximize the browser
2023-07-25 18:41:42,200 [main] INFO 11March_Framework - Open application
2023-07-25 18:41:42,333 [main] INFO 11March_Framework - Enter the user email
2023-07-25 18:41:44,438 [main] INFO 11March_Framework - Enter the user password
2023-07-25 18:41:46,442 [main] INFO 11March_Framework - Click on the login button
2023-07-25 18:41:47,584 [main] INFO 11March_Framework - Login test case pass
2023-07-25 18:41:52,092 [main] INFO 11March_Framework - Open Browser
2023-07-25 18:41:52,218 [main] INFO 11March_Framework - Maximize the browser
2023-07-25 18:41:54,133 [main] INFO 11March_Framework - Open application
2023-07-25 18:41:54,243 [main] INFO 11March_Framework - Enter the user email
2023-07-25 18:41:56,355 [main] INFO 11March_Framework - Enter the user password
2023-07-25 18:41:57,757 [main] INFO 11March_Framework - Click on the login button
2023-07-25 18:41:57,775 [main] INFO 11March_Framework - Login test case failed
2023-07-25 18:42:02,252 [main] INFO 11March_Framework - Open Browser
2023-07-25 18:42:02,403 [main] INFO 11March_Framework - Maximize the browser
2023-07-25 18:42:08,111 [main] INFO 11March_Framework - Open application
2023-07-25 18:42:08,235 [main] INFO 11March_Framework - Enter the user email
2023-07-25 18:42:10,351 [main] INFO 11March_Framework - Enter the user password
2023-07-25 18:42:12,340 [main] INFO 11March_Framework - Click on the login button
2023-07-25 18:42:12,355 [main] INFO 11March_Framework - Login test case failed
2023-07-25 18:42:16,696 [main] INFO 11March_Framework - Open Browser
2023-07-25 18:42:16,818 [main] INFO 11March_Framework - Maximize the browser
2023-07-25 18:42:26,103 [main] INFO 11March_Framework - Open application
2023-07-25 18:42:26,232 [main] INFO 11March_Framework - Enter the user email
2023-07-25 18:42:28,337 [main] INFO 11March_Framework - Enter the user password
2023-07-25 18:42:28,807 [main] INFO 11March_Framework - Click on the login button
2023-07-25 18:42:28,947 [main] INFO 11March_Framework - Login test case failed
2023-07-25 18:42:33,354 [main] INFO 11March_Framework - Open Browser
2023-07-25 18:42:33,488 [main] INFO 11March_Framework - Maximize the browser
2023-07-25 18:42:34,605 [main] INFO 11March_Framework - Open application
2023-07-25 18:42:34,720 [main] INFO 11March_Framework - Enter the user email
2023-07-25 18:42:36,874 [main] INFO 11March_Framework - Enter the user password
2023-07-25 18:42:38,342 [main] INFO 11March_Framework - Click on the login button
2023-07-25 18:42:38,355 [main] INFO 11March_Framework - Login test case failed
2023-07-25 18:42:42,745 [main] INFO 11March_Framework - Open Browser
2023-07-25 18:42:42,888 [main] INFO 11March_Framework - Maximize the browser
2023-07-25 18:42:44,156 [main] INFO 11March_Framework - Open application
2023-07-25 18:42:50,874 [main] INFO 11March_Framework - Open Browser
2023-07-25 18:42:50,998 [main] INFO 11March_Framework - Maximize the browser
2023-07-25 18:42:52,767 [main] INFO 11March_Framework - Open application
2023-07-27 11:24:45,050 [main] INFO 11March_Framework - Open Browser
2023-07-27 11:24:45,220 [main] INFO 11March_Framework - Maximize the browser
2023-07-27 11:24:47,025 [main] INFO 11March_Framework - Open application
2023-07-27 11:32:06,216 [main] INFO 11March_Framework - Open Browser
2023-07-27 11:32:06,350 [main] INFO 11March_Framework - Maximize the browser
2023-07-27 11:32:09,296 [main] INFO 11March_Framework - Open application
2023-07-27 11:32:17,328 [main] INFO 11March_Framework - Open Browser
2023-07-27 11:32:17,476 [main] INFO 11March_Framework - Maximize the browser
2023-07-27 11:32:19,295 [main] INFO 11March_Framework - Open application
2023-07-27 11:32:19,298 [main] INFO 11March_Framework - Open URL
2023-07-27 11:32:22,417 [main] INFO 11March_Framework - Enter User mail
2023-07-27 11:32:25,528 [main] INFO 11March_Framework - Enter User password
2023-07-27 11:32:31,134 [main] INFO 11March_Framework - Clicked on login button
2023-07-27 11:32:34,401 [main] INFO 11March_Framework - Mouseover on computer
2023-07-27 11:32:36,783 [main] INFO 11March_Framework - Clicked on NotebookText
2023-07-27 11:32:43,285 [main] INFO 11March_Framework - Product selected
2023-07-27 11:32:43,382 [main] INFO 11March_Framework - Add to cart
2023-07-27 11:32:44,046 [main] INFO 11March_Framework - Verified message
2023-07-27 11:32:44,536 [main] INFO 11March_Framework - Clicked on close Tab
2023-07-27 11:32:44,951 [main] INFO 11March_Framework - add to cart test case pass
2023-07-27 11:32:49,116 [main] INFO 11March_Framework - Open Browser
2023-07-27 11:32:49,249 [main] INFO 11March_Framework - Maximize the browser
2023-07-27 11:32:51,883 [main] INFO 11March_Framework - Open application
2023-07-27 11:32:52,034 [main] INFO 11March_Framework - Enter the user email
2023-07-27 11:32:54,230 [main] INFO 11March_Framework - Enter the user Password
2023-07-27 11:32:55,937 [main] INFO 11March_Framework - Click on the login button
2023-07-27 11:32:55,950 [main] INFO 11March_Framework - Login test case pass
2023-07-27 11:33:01,621 [main] INFO 11March_Framework - Open Browser
2023-07-27 11:33:01,754 [main] INFO 11March_Framework - Maximize the browser
2023-07-27 11:33:03,637 [main] INFO 11March_Framework - Open application
2023-07-27 11:33:03,836 [main] INFO 11March_Framework - Enter the user email
2023-07-27 11:33:05,942 [main] INFO 11March_Framework - Enter the user password
2023-07-27 11:33:07,416 [main] INFO 11March_Framework - Click on the login button
2023-07-27 11:33:11,666 [main] INFO 11March_Framework - Open Browser
2023-07-27 11:33:11,804 [main] INFO 11March_Framework - Maximize the browser
2023-07-27 11:33:13,826 [main] INFO 11March_Framework - Open application
2023-07-27 11:33:14,035 [main] INFO 11March_Framework - Enter the user email
2023-07-27 11:33:16,353 [main] INFO 11March_Framework - Enter the user password
2023-07-27 11:33:17,845 [main] INFO 11March_Framework - Click on the login button
2023-07-27 11:33:17,854 [main] INFO 11March_Framework - Login test case failed
2023-07-27 11:33:22,101 [main] INFO 11March_Framework - Open Browser
2023-07-27 11:33:22,220 [main] INFO 11March_Framework - Maximize the browser
2023-07-27 11:33:24,060 [main] INFO 11March_Framework - Open application
2023-07-27 11:33:24,304 [main] INFO 11March_Framework - Enter the user email
2023-07-27 11:33:26,406 [main] INFO 11March_Framework - Enter the user password
2023-07-27 11:33:27,891 [main] INFO 11March_Framework - Click on the login button
2023-07-27 11:33:27,897 [main] INFO 11March_Framework - Login test case failed
2023-07-27 11:33:31,996 [main] INFO 11March_Framework - Open Browser
2023-07-27 11:33:32,133 [main] INFO 11March_Framework - Maximize the browser
2023-07-27 11:33:34,126 [main] INFO 11March_Framework - Open application
2023-07-27 11:33:34,347 [main] INFO 11March_Framework - Enter the user email
2023-07-27 11:33:36,658 [main] INFO 11March_Framework - Enter the user password
2023-07-27 11:33:37,423 [main] INFO 11March_Framework - Click on the login button
2023-07-27 11:33:37,616 [main] INFO 11March_Framework - Login test case failed
2023-07-27 11:33:41,717 [main] INFO 11March_Framework - Open Browser
2023-07-27 11:33:41,839 [main] INFO 11March_Framework - Maximize the browser
2023-07-27 11:33:44,184 [main] INFO 11March_Framework - Open application
2023-07-27 11:33:44,331 [main] INFO 11March_Framework - Enter the user email
2023-07-27 11:33:46,619 [main] INFO 11March_Framework - Enter the user password
2023-07-27 11:33:47,569 [main] INFO 11March_Framework - Click on the login button
2023-07-27 11:33:47,588 [main] INFO 11March_Framework - Login test case failed
2023-07-27 11:33:51,750 [main] INFO 11March_Framework - Open Browser
2023-07-27 11:33:51,884 [main] INFO 11March_Framework - Maximize the browser
2023-07-27 11:33:54,801 [main] INFO 11March_Framework - Open application
2023-07-27 11:39:15,370 [main] INFO 11March_Framework - Open Browser
2023-07-27 11:39:15,498 [main] INFO 11March_Framework - Maximize the browser
2023-07-27 11:39:18,222 [main] INFO 11March_Framework - Open application
2023-07-27 11:39:25,773 [main] INFO 11March_Framework - Open Browser
2023-07-27 11:39:25,898 [main] INFO 11March_Framework - Maximize the browser
2023-07-27 11:39:27,313 [main] INFO 11March_Framework - Open application
2023-07-27 11:39:27,316 [main] INFO 11March_Framework - Open URL
2023-07-27 11:39:30,456 [main] INFO 11March_Framework - Enter User mail
2023-07-27 11:39:33,557 [main] INFO 11March_Framework - Enter User password
2023-07-27 11:39:39,315 [main] INFO 11March_Framework - Clicked on login button
2023-07-27 11:39:42,529 [main] INFO 11March_Framework - Mouseover on computer
2023-07-27 11:39:44,882 [main] INFO 11March_Framework - Clicked on NotebookText
2023-07-27 11:39:51,889 [main] INFO 11March_Framework - Product selected
2023-07-27 11:39:51,980 [main] INFO 11March_Framework - Add to cart
2023-07-27 11:39:52,556 [main] INFO 11March_Framework - Verified message
2023-07-27 11:39:52,630 [main] INFO 11March_Framework - Clicked on close Tab
2023-07-27 11:39:52,871 [main] INFO 11March_Framework - add to cart test case pass
2023-07-27 11:39:57,153 [main] INFO 11March_Framework - Open Browser
2023-07-27 11:39:57,282 [main] INFO 11March_Framework - Maximize the browser
2023-07-27 11:39:59,532 [main] INFO 11March_Framework - Open application
2023-07-27 11:39:59,645 [main] INFO 11March_Framework - Enter the user email
2023-07-27 11:40:01,749 [main] INFO 11March_Framework - Enter the user Password
2023-07-27 11:40:04,608 [main] INFO 11March_Framework - Click on the login button
2023-07-27 11:40:04,623 [main] INFO 11March_Framework - Login test case pass
2023-07-27 11:40:10,202 [main] INFO 11March_Framework - Open Browser
2023-07-27 11:40:10,330 [main] INFO 11March_Framework - Maximize the browser
2023-07-27 11:40:12,262 [main] INFO 11March_Framework - Open application
2023-07-27 11:40:12,369 [main] INFO 11March_Framework - Enter the user email
2023-07-27 11:40:14,471 [main] INFO 11March_Framework - Enter the user password
2023-07-27 11:40:17,527 [main] INFO 11March_Framework - Click on the login button
2023-07-27 11:40:18,607 [main] INFO 11March_Framework - Login test case pass
2023-07-27 11:40:22,888 [main] INFO 11March_Framework - Open Browser
2023-07-27 11:40:23,026 [main] INFO 11March_Framework - Maximize the browser
2023-07-27 11:40:25,610 [main] INFO 11March_Framework - Open application
2023-07-27 11:40:25,711 [main] INFO 11March_Framework - Enter the user email
2023-07-27 11:40:27,805 [main] INFO 11March_Framework - Enter the user password
2023-07-27 11:40:28,397 [main] INFO 11March_Framework - Click on the login button
2023-07-27 11:40:28,420 [main] INFO 11March_Framework - Login test case failed
2023-07-27 11:40:32,764 [main] INFO 11March_Framework - Open Browser
2023-07-27 11:40:32,886 [main] INFO 11March_Framework - Maximize the browser
2023-07-27 11:40:36,990 [main] INFO 11March_Framework - Open application
2023-07-27 11:40:37,103 [main] INFO 11March_Framework - Enter the user email
2023-07-27 11:40:39,212 [main] INFO 11March_Framework - Enter the user password
2023-07-27 11:40:39,727 [main] INFO 11March_Framework - Click on the login button
2023-07-27 11:40:39,836 [main] INFO 11March_Framework - Login test case failed
2023-07-27 11:40:44,303 [main] INFO 11March_Framework - Open Browser
2023-07-27 11:40:44,441 [main] INFO 11March_Framework - Maximize the browser
2023-07-27 11:40:45,845 [main] INFO 11March_Framework - Open application
2023-07-27 11:40:45,942 [main] INFO 11March_Framework - Enter the user email
2023-07-27 11:40:48,089 [main] INFO 11March_Framework - Enter the user password
2023-07-27 11:40:49,487 [main] INFO 11March_Framework - Click on the login button
2023-07-27 11:40:49,502 [main] INFO 11March_Framework - Login test case failed
2023-07-27 11:40:53,852 [main] INFO 11March_Framework - Open Browser
2023-07-27 11:40:53,982 [main] INFO 11March_Framework - Maximize the browser
2023-07-27 11:40:55,842 [main] INFO 11March_Framework - Open application
2023-07-27 11:40:55,954 [main] INFO 11March_Framework - Enter the user email
2023-07-27 11:40:58,065 [main] INFO 11March_Framework - Enter the user password
2023-07-27 11:40:59,452 [main] INFO 11March_Framework - Click on the login button
2023-07-27 11:40:59,464 [main] INFO 11March_Framework - Login test case failed
2023-07-27 11:41:03,769 [main] INFO 11March_Framework - Open Browser
2023-07-27 11:41:03,894 [main] INFO 11March_Framework - Maximize the browser
2023-07-27 11:41:06,551 [main] INFO 11March_Framework - Open application
2023-07-27 17:10:28,447 [main] INFO 11March_Framework - Open Browser
2023-07-27 17:10:28,588 [main] INFO 11March_Framework - Maximize the browser
2023-07-27 17:10:30,993 [main] INFO 11March_Framework - Open application
2023-07-27 17:10:31,171 [main] INFO 11March_Framework - Enter the user email
2023-07-27 17:10:33,410 [main] INFO 11March_Framework - Enter the user password
2023-07-27 17:10:34,905 [main] INFO 11March_Framework - Click on the login button
2023-07-27 17:10:39,221 [main] INFO 11March_Framework - Open Browser
2023-07-27 17:10:39,354 [main] INFO 11March_Framework - Maximize the browser
2023-07-27 17:10:44,663 [main] INFO 11March_Framework - Open application
2023-07-27 17:10:44,768 [main] INFO 11March_Framework - Enter the user email
2023-07-27 17:10:46,990 [main] INFO 11March_Framework - Enter the user password
2023-07-27 17:10:47,868 [main] INFO 11March_Framework - Click on the login button
2023-07-27 17:10:47,892 [main] INFO 11March_Framework - Login test case failed
2023-07-27 17:10:52,132 [main] INFO 11March_Framework - Open Browser
2023-07-27 17:10:52,262 [main] INFO 11March_Framework - Maximize the browser
2023-07-27 17:10:54,395 [main] INFO 11March_Framework - Open application
2023-07-27 17:10:54,511 [main] INFO 11March_Framework - Enter the user email
2023-07-27 17:10:56,788 [main] INFO 11March_Framework - Enter the user password
2023-07-27 17:10:58,533 [main] INFO 11March_Framework - Click on the login button
2023-07-27 17:10:58,546 [main] INFO 11March_Framework - Login test case failed
2023-07-27 17:11:02,806 [main] INFO 11March_Framework - Open Browser
2023-07-27 17:11:02,942 [main] INFO 11March_Framework - Maximize the browser
2023-07-27 17:11:04,157 [main] INFO 11March_Framework - Open application
2023-07-27 17:11:04,292 [main] INFO 11March_Framework - Enter the user email
2023-07-27 17:11:06,394 [main] INFO 11March_Framework - Enter the user password
2023-07-27 17:11:08,027 [main] INFO 11March_Framework - Click on the login button
2023-07-27 17:11:08,046 [main] INFO 11March_Framework - Login test case failed
2023-07-27 17:11:12,357 [main] INFO 11March_Framework - Open Browser
2023-07-27 17:11:12,491 [main] INFO 11March_Framework - Maximize the browser
2023-07-27 17:11:13,870 [main] INFO 11March_Framework - Open application
2023-07-27 17:11:14,097 [main] INFO 11March_Framework - Enter the user email
2023-07-27 17:11:16,239 [main] INFO 11March_Framework - Enter the user password
2023-07-27 17:11:17,165 [main] INFO 11March_Framework - Click on the login button
2023-07-27 17:11:17,178 [main] INFO 11March_Framework - Login test case failed
2023-07-27 17:24:21,904 [main] INFO 11March_Framework - Open Browser
2023-07-27 17:24:22,297 [main] INFO 11March_Framework - Maximize the browser
2023-07-27 17:24:27,047 [main] INFO 11March_Framework - Open application
2023-07-27 17:24:27,549 [main] INFO 11March_Framework - Enter the user email
2023-07-27 17:24:29,883 [main] INFO 11March_Framework - Enter the user password
2023-07-27 17:24:31,299 [main] INFO 11March_Framework - Click on the login button
2023-07-27 17:24:36,037 [main] INFO 11March_Framework - Open Browser
2023-07-27 17:24:36,175 [main] INFO 11March_Framework - Maximize the browser
2023-07-27 17:24:40,239 [main] INFO 11March_Framework - Open application
2023-07-27 17:24:40,398 [main] INFO 11March_Framework - Enter the user email
2023-07-27 17:24:42,617 [main] INFO 11March_Framework - Enter the user password
2023-07-27 17:24:44,067 [main] INFO 11March_Framework - Click on the login button
2023-07-27 17:24:44,097 [main] INFO 11March_Framework - Login test case failed
2023-07-27 17:24:48,741 [main] INFO 11March_Framework - Open Browser
2023-07-27 17:24:48,959 [main] INFO 11March_Framework - Maximize the browser
2023-07-27 17:24:51,649 [main] INFO 11March_Framework - Open application
2023-07-27 17:24:51,840 [main] INFO 11March_Framework - Enter the user email
2023-07-27 17:24:54,123 [main] INFO 11March_Framework - Enter the user password
2023-07-27 17:24:54,733 [main] INFO 11March_Framework - Click on the login button
2023-07-27 17:24:54,906 [main] INFO 11March_Framework - Login test case failed
2023-07-27 17:24:59,404 [main] INFO 11March_Framework - Open Browser
2023-07-27 17:24:59,669 [main] INFO 11March_Framework - Maximize the browser
2023-07-27 17:25:01,197 [main] INFO 11March_Framework - Open application
2023-07-27 17:25:01,329 [main] INFO 11March_Framework - Enter the user email
2023-07-27 17:25:03,577 [main] INFO 11March_Framework - Enter the user password
2023-07-27 17:25:04,144 [main] INFO 11March_Framework - Click on the login button
2023-07-27 17:25:04,288 [main] INFO 11March_Framework - Login test case failed
2023-07-27 17:28:02,030 [main] INFO 11March_Framework - Open Browser
2023-07-27 17:28:02,174 [main] INFO 11March_Framework - Maximize the browser
2023-07-27 17:28:05,105 [main] INFO 11March_Framework - Open application
2023-07-27 17:28:05,412 [main] INFO 11March_Framework - Enter the user email
2023-07-27 17:28:07,685 [main] INFO 11March_Framework - Enter the user password
2023-07-27 17:28:10,953 [main] INFO 11March_Framework - Click on the login button
2023-07-27 17:28:12,231 [main] INFO 11March_Framework - Login test case pass
2023-07-27 17:28:17,079 [main] INFO 11March_Framework - Open Browser
2023-07-27 17:28:17,223 [main] INFO 11March_Framework - Maximize the browser
2023-07-27 17:28:19,111 [main] INFO 11March_Framework - Open application
2023-07-27 17:28:19,295 [main] INFO 11March_Framework - Enter the user email
2023-07-27 17:28:21,511 [main] INFO 11March_Framework - Enter the user password
2023-07-27 17:28:22,227 [main] INFO 11March_Framework - Click on the login button
2023-07-27 17:28:22,260 [main] INFO 11March_Framework - Login test case failed
2023-07-27 17:28:26,740 [main] INFO 11March_Framework - Open Browser
2023-07-27 17:28:26,896 [main] INFO 11March_Framework - Maximize the browser
2023-07-27 17:28:29,786 [main] INFO 11March_Framework - Open application
2023-07-27 17:28:29,977 [main] INFO 11March_Framework - Enter the user email
2023-07-27 17:28:32,206 [main] INFO 11March_Framework - Enter the user password
2023-07-27 17:28:33,667 [main] INFO 11March_Framework - Click on the login button
2023-07-27 17:28:33,682 [main] INFO 11March_Framework - Login test case failed
2023-07-27 17:28:38,006 [main] INFO 11March_Framework - Open Browser
2023-07-27 17:28:38,149 [main] INFO 11March_Framework - Maximize the browser
2023-07-27 17:28:41,688 [main] INFO 11March_Framework - Open application
2023-07-27 17:28:41,954 [main] INFO 11March_Framework - Enter the user email
2023-07-27 17:28:44,193 [main] INFO 11March_Framework - Enter the user password
2023-07-27 17:28:45,670 [main] INFO 11March_Framework - Click on the login button
2023-07-27 17:28:45,687 [main] INFO 11March_Framework - Login test case failed
2023-07-27 17:28:50,084 [main] INFO 11March_Framework - Open Browser
2023-07-27 17:28:50,218 [main] INFO 11March_Framework - Maximize the browser
2023-07-27 17:28:53,508 [main] INFO 11March_Framework - Open application
2023-07-27 17:28:53,786 [main] INFO 11March_Framework - Enter the user email
2023-07-27 17:28:56,027 [main] INFO 11March_Framework - Enter the user password
2023-07-27 17:28:56,829 [main] INFO 11March_Framework - Click on the login button
2023-07-27 17:28:56,846 [main] INFO 11March_Framework - Login test case failed
2023-07-27 17:30:05,576 [main] INFO 11March_Framework - Open Browser
2023-07-27 17:30:05,719 [main] INFO 11March_Framework - Maximize the browser
2023-07-27 17:30:08,020 [main] INFO 11March_Framework - Open application
2023-07-27 17:30:08,180 [main] INFO 11March_Framework - Enter the user email
2023-07-27 17:30:10,552 [main] INFO 11March_Framework - Enter the user password
2023-07-27 17:30:13,690 [main] INFO 11March_Framework - Click on the login button
2023-07-27 17:30:15,181 [main] INFO 11March_Framework - Login test case pass
2023-07-27 17:30:19,990 [main] INFO 11March_Framework - Open Browser
2023-07-27 17:30:20,167 [main] INFO 11March_Framework - Maximize the browser
2023-07-27 17:30:23,742 [main] INFO 11March_Framework - Open application
2023-07-27 17:30:23,912 [main] INFO 11March_Framework - Enter the user email
2023-07-27 17:30:26,190 [main] INFO 11March_Framework - Enter the user password
2023-07-27 17:30:27,049 [main] INFO 11March_Framework - Click on the login button
2023-07-27 17:30:27,077 [main] INFO 11March_Framework - Login test case failed
2023-07-27 17:30:31,585 [main] INFO 11March_Framework - Open Browser
2023-07-27 17:30:31,722 [main] INFO 11March_Framework - Maximize the browser
2023-07-27 17:30:34,792 [main] INFO 11March_Framework - Open application
2023-07-27 17:30:35,013 [main] INFO 11March_Framework - Enter the user email
2023-07-27 17:30:37,183 [main] INFO 11March_Framework - Enter the user password
2023-07-27 17:30:38,646 [main] INFO 11March_Framework - Click on the login button
2023-07-27 17:30:38,670 [main] INFO 11March_Framework - Login test case failed
2023-07-27 17:30:43,020 [main] INFO 11March_Framework - Open Browser
2023-07-27 17:30:43,160 [main] INFO 11March_Framework - Maximize the browser
2023-07-27 17:30:46,667 [main] INFO 11March_Framework - Open application
2023-07-27 17:30:46,828 [main] INFO 11March_Framework - Enter the user email
2023-07-27 17:30:49,067 [main] INFO 11March_Framework - Enter the user password
2023-07-27 17:30:50,700 [main] INFO 11March_Framework - Click on the login button
2023-07-27 17:30:50,729 [main] INFO 11March_Framework - Login test case failed
2023-07-27 17:30:55,089 [main] INFO 11March_Framework - Open Browser
2023-07-27 17:30:55,310 [main] INFO 11March_Framework - Maximize the browser
2023-07-27 17:30:58,578 [main] INFO 11March_Framework - Open application
2023-07-27 17:30:58,757 [main] INFO 11March_Framework - Enter the user email
2023-07-27 17:31:01,022 [main] INFO 11March_Framework - Enter the user password
2023-07-27 17:31:01,955 [main] INFO 11March_Framework - Click on the login button
2023-07-27 17:31:01,970 [main] INFO 11March_Framework - Login test case failed
2023-07-27 17:33:07,771 [main] INFO 11March_Framework - Open Browser
2023-07-27 17:33:07,928 [main] INFO 11March_Framework - Maximize the browser
2023-07-27 17:33:12,453 [main] INFO 11March_Framework - Open application
2023-07-27 17:33:12,616 [main] INFO 11March_Framework - Enter the user email
2023-07-27 17:33:14,737 [main] INFO 11March_Framework - Enter the user password
2023-07-27 17:33:17,861 [main] INFO 11March_Framework - Click on the login button
2023-07-27 17:33:19,044 [main] INFO 11March_Framework - Login test case pass
2023-07-27 17:33:23,658 [main] INFO 11March_Framework - Open Browser
2023-07-27 17:33:23,794 [main] INFO 11March_Framework - Maximize the browser
2023-07-27 17:33:27,205 [main] INFO 11March_Framework - Open application
2023-07-27 17:33:27,331 [main] INFO 11March_Framework - Enter the user email
2023-07-27 17:33:29,451 [main] INFO 11March_Framework - Enter the user password
2023-07-27 17:33:30,902 [main] INFO 11March_Framework - Click on the login button
2023-07-27 17:33:30,931 [main] INFO 11March_Framework - Login test case failed
2023-07-27 17:33:35,363 [main] INFO 11March_Framework - Open Browser
2023-07-27 17:33:35,507 [main] INFO 11March_Framework - Maximize the browser
2023-07-27 17:33:39,308 [main] INFO 11March_Framework - Open application
2023-07-27 17:33:39,478 [main] INFO 11March_Framework - Enter the user email
2023-07-27 17:33:41,725 [main] INFO 11March_Framework - Enter the user password
2023-07-27 17:33:43,248 [main] INFO 11March_Framework - Click on the login button
2023-07-27 17:33:43,269 [main] INFO 11March_Framework - Login test case failed
2023-07-27 17:33:47,677 [main] INFO 11March_Framework - Open Browser
2023-07-27 17:33:47,819 [main] INFO 11March_Framework - Maximize the browser
2023-07-27 17:33:50,506 [main] INFO 11March_Framework - Open application
2023-07-27 17:33:50,761 [main] INFO 11March_Framework - Enter the user email
2023-07-27 17:33:52,993 [main] INFO 11March_Framework - Enter the user password
2023-07-27 17:33:54,461 [main] INFO 11March_Framework - Click on the login button
2023-07-27 17:33:54,484 [main] INFO 11March_Framework - Login test case failed
2023-07-27 17:33:58,999 [main] INFO 11March_Framework - Open Browser
2023-07-27 17:33:59,139 [main] INFO 11March_Framework - Maximize the browser
2023-07-27 17:34:01,448 [main] INFO 11March_Framework - Open application
2023-07-27 17:34:01,613 [main] INFO 11March_Framework - Enter the user email
2023-07-27 17:34:03,897 [main] INFO 11March_Framework - Enter the user password
2023-07-27 17:34:04,479 [main] INFO 11March_Framework - Click on the login button
2023-07-27 17:34:04,741 [main] INFO 11March_Framework - Login test case failed
2023-07-27 17:34:09,348 [main] INFO 11March_Framework - Open Browser
2023-07-27 17:34:09,487 [main] INFO 11March_Framework - Maximize the browser
2023-07-27 17:34:11,932 [main] INFO 11March_Framework - Open application
2023-07-27 17:34:19,985 [main] INFO 11March_Framework - Open Browser
2023-07-27 17:34:20,128 [main] INFO 11March_Framework - Maximize the browser
2023-07-27 17:34:23,725 [main] INFO 11March_Framework - Open application
2023-07-27 17:34:23,729 [main] INFO 11March_Framework - Open URL
2023-07-27 17:34:26,913 [main] INFO 11March_Framework - Enter User mail
2023-07-27 17:34:30,031 [main] INFO 11March_Framework - Enter User password
2023-07-27 17:34:36,523 [main] INFO 11March_Framework - Clicked on login button
2023-07-27 17:34:39,774 [main] INFO 11March_Framework - Mouseover on computer
2023-07-27 17:34:46,328 [main] INFO 11March_Framework - Clicked on NotebookText
2023-07-27 17:34:53,306 [main] INFO 11March_Framework - Product selected
2023-07-27 17:34:53,453 [main] INFO 11March_Framework - Add to cart
2023-07-27 17:34:54,451 [main] INFO 11March_Framework - Verified message
2023-07-27 17:34:54,552 [main] INFO 11March_Framework - Clicked on close Tab
2023-07-27 17:34:55,196 [main] INFO 11March_Framework - add to cart test case pass
2023-07-27 17:34:59,779 [main] INFO 11March_Framework - Open Browser
2023-07-27 17:34:59,917 [main] INFO 11March_Framework - Maximize the browser
2023-07-27 17:35:02,529 [main] INFO 11March_Framework - Open application
2023-07-27 17:35:02,675 [main] INFO 11March_Framework - Enter the user email
2023-07-27 17:35:04,948 [main] INFO 11March_Framework - Enter the user Password
2023-07-27 17:35:08,659 [main] INFO 11March_Framework - Click on the login button
2023-07-27 17:35:08,669 [main] INFO 11March_Framework - Login test case pass
2023-07-27 17:35:13,086 [main] INFO 11March_Framework - Open Browser
2023-07-27 17:35:13,226 [main] INFO 11March_Framework - Maximize the browser
2023-07-27 17:35:17,126 [main] INFO 11March_Framework - Open application
